build/app/intermediates/manifest_merge_blame_file/release/manifest-merger-blame-release-report.txt
1<?xml version="1.0" encoding="utf-8"?>
2<manifest xmlns:android="http://schemas.android.com/apk/res/android"
3    package="com.retailshopping.ojarh.seller"
4    android:versionCode="3"
5    android:versionName="1.0.1" >
6
7    <uses-sdk
8        android:minSdkVersion="21"
8-->src/main/AndroidManifest.xml
9        android:targetSdkVersion="33" />
9-->src/main/AndroidManifest.xml
10
11    <uses-permission android:name="android.permission.INTERNET" />
11-->src/main/AndroidManifest.xml:4:5-67
11-->src/main/AndroidManifest.xml:4:22-64
12    <uses-permission android:name="android.permission.ACCESS_FINE_LOCATION" />
12-->src/main/AndroidManifest.xml:5:5-78
12-->src/main/AndroidManifest.xml:5:22-76
13    <uses-permission android:name="android.permission.ACCESS_COARSE_LOCATION" />
13-->src/main/AndroidManifest.xml:6:5-80
13-->src/main/AndroidManifest.xml:6:22-78
14    <uses-permission android:name="android.permission.WAKE_LOCK" />
14-->[:firebase_messaging] AndroidManifest.xml:10:5-68
14-->[:firebase_messaging] AndroidManifest.xml:10:22-65
15    <uses-permission android:name="android.permission.ACCESS_NETWORK_STATE" /> <!-- Permissions options for the `notification` group -->
15-->[:firebase_messaging] AndroidManifest.xml:11:5-79
15-->[:firebase_messaging] AndroidManifest.xml:11:22-76
16    <uses-permission android:name="android.permission.POST_NOTIFICATIONS" />
16-->[:firebase_messaging] AndroidManifest.xml:13:5-77
16-->[:firebase_messaging] AndroidManifest.xml:13:22-74
17    <uses-permission android:name="android.permission.FOREGROUND_SERVICE" />
17-->[:geolocator_android] AndroidManifest.xml:9:5-77
17-->[:geolocator_android] AndroidManifest.xml:9:22-74
18    <uses-permission android:name="android.permission.READ_EXTERNAL_STORAGE" />
18-->[:file_picker] AndroidManifest.xml:9:5-80
18-->[:file_picker] AndroidManifest.xml:9:22-77
19
20    <queries>
20-->[:file_picker] AndroidManifest.xml:11:5-17:15
21        <intent>
21-->[:file_picker] AndroidManifest.xml:12:9-16:18
22            <action android:name="android.intent.action.GET_CONTENT" />
22-->[:file_picker] AndroidManifest.xml:13:13-72
22-->[:file_picker] AndroidManifest.xml:13:21-69
23
24            <data android:mimeType="*/*" />
24-->[:file_picker] AndroidManifest.xml:15:13-44
24-->[:file_picker] AndroidManifest.xml:15:19-41
25        </intent>
26        <intent>
26-->[:flutter_inappwebview] AndroidManifest.xml:10:9-12:18
27            <action android:name="android.support.customtabs.action.CustomTabsService" />
27-->[:flutter_inappwebview] AndroidManifest.xml:11:13-90
27-->[:flutter_inappwebview] AndroidManifest.xml:11:21-87
28        </intent> <!-- Needs to be explicitly declared on Android R+ -->
29        <package android:name="com.google.android.apps.maps" />
29-->[com.google.android.gms:play-services-maps:18.1.0] AndroidManifest.xml:33:9-64
29-->[com.google.android.gms:play-services-maps:18.1.0] AndroidManifest.xml:33:18-61
30
31        <intent>
31-->[androidx.media2:media2-session:1.2.0] AndroidManifest.xml:25:9-27:18
32            <action android:name="android.media.browse.MediaBrowserService" />
32-->[androidx.media2:media2-session:1.2.0] AndroidManifest.xml:26:13-79
32-->[androidx.media2:media2-session:1.2.0] AndroidManifest.xml:26:21-76
33        </intent>
34        <intent>
34-->[androidx.media2:media2-session:1.2.0] AndroidManifest.xml:28:9-30:18
35            <action android:name="androidx.media2.session.MediaSessionService" />
35-->[androidx.media2:media2-session:1.2.0] AndroidManifest.xml:29:13-82
35-->[androidx.media2:media2-session:1.2.0] AndroidManifest.xml:29:21-79
36        </intent>
37        <intent>
37-->[androidx.media2:media2-session:1.2.0] AndroidManifest.xml:31:9-33:18
38            <action android:name="androidx.media2.session.MediaLibraryService" />
38-->[androidx.media2:media2-session:1.2.0] AndroidManifest.xml:32:13-82
38-->[androidx.media2:media2-session:1.2.0] AndroidManifest.xml:32:21-79
39        </intent>
40    </queries>
41
42    <uses-permission android:name="android.permission.RECEIVE_BOOT_COMPLETED" />
42-->[:flutter_local_notifications] AndroidManifest.xml:9:5-81
42-->[:flutter_local_notifications] AndroidManifest.xml:9:22-78
43    <uses-permission android:name="android.permission.VIBRATE" />
43-->[:flutter_local_notifications] AndroidManifest.xml:10:5-66
43-->[:flutter_local_notifications] AndroidManifest.xml:10:22-63
44    <uses-permission android:name="android.permission.USE_FULL_SCREEN_INTENT" />
44-->[:flutter_local_notifications] AndroidManifest.xml:11:5-81
44-->[:flutter_local_notifications] AndroidManifest.xml:11:22-78
45    <uses-permission android:name="android.permission.SCHEDULE_EXACT_ALARM" />
45-->[:flutter_local_notifications] AndroidManifest.xml:12:5-79
45-->[:flutter_local_notifications] AndroidManifest.xml:12:22-76
46
47    <uses-feature
47-->[com.google.android.gms:play-services-maps:18.1.0] AndroidManifest.xml:26:5-28:35
48        android:glEsVersion="0x00020000"
48-->[com.google.android.gms:play-services-maps:18.1.0] AndroidManifest.xml:27:9-41
49        android:required="true" /> <!-- Required by older versions of Google Play services to create IID tokens -->
49-->[com.google.android.gms:play-services-maps:18.1.0] AndroidManifest.xml:28:9-32
50    <uses-permission android:name="com.google.android.c2dm.permission.RECEIVE" />
50-->[com.google.firebase:firebase-messaging:23.1.0] AndroidManifest.xml:28:5-82
50-->[com.google.firebase:firebase-messaging:23.1.0] AndroidManifest.xml:28:22-79
51    <uses-permission android:name="com.google.android.gms.permission.AD_ID" />
51-->[com.google.android.gms:play-services-measurement-api:21.2.0] AndroidManifest.xml:25:5-79
51-->[com.google.android.gms:play-services-measurement-api:21.2.0] AndroidManifest.xml:25:22-76
52    <uses-permission android:name="com.google.android.finsky.permission.BIND_GET_INSTALL_REFERRER_SERVICE" />
52-->[com.google.android.gms:play-services-measurement:21.2.0] AndroidManifest.xml:26:5-110
52-->[com.google.android.gms:play-services-measurement:21.2.0] AndroidManifest.xml:26:22-107
53
54    <application
54-->src/main/AndroidManifest.xml:7:5-54:19
55        android:appComponentFactory="androidx.core.app.CoreComponentFactory"
55-->[androidx.core:core:1.8.0] AndroidManifest.xml:24:18-86
56        android:icon="@mipmap/ic_launcher"
56-->src/main/AndroidManifest.xml:8:9-43
57        android:label="Ojarh Seller"
57-->src/main/AndroidManifest.xml:9:9-37
58        android:usesCleartextTraffic="true" >
58-->src/main/AndroidManifest.xml:10:9-44
59        <activity
59-->src/main/AndroidManifest.xml:12:10-39:20
60            android:name="com.retailshopping.ojarh.seller.MainActivity"
60-->src/main/AndroidManifest.xml:13:13-41
61            android:configChanges="orientation|keyboardHidden|keyboard|screenSize|smallestScreenSize|locale|layoutDirection|fontScale|screenLayout|density|uiMode"
61-->src/main/AndroidManifest.xml:17:13-163
62            android:exported="true"
62-->src/main/AndroidManifest.xml:14:13-36
63            android:hardwareAccelerated="true"
63-->src/main/AndroidManifest.xml:18:13-47
64            android:launchMode="singleTop"
64-->src/main/AndroidManifest.xml:15:13-43
65            android:theme="@style/LaunchTheme"
65-->src/main/AndroidManifest.xml:16:13-47
66            android:windowSoftInputMode="adjustResize" >
66-->src/main/AndroidManifest.xml:19:13-55
67
68            <!--
69                 Specifies an Android theme to apply to this Activity as soon as
70                 the Android process has started. This theme is visible to the user
71                 while the Flutter UI initializes. After that, this theme continues
72                 to determine the Window background behind the Flutter UI.
73            -->
74            <meta-data
74-->src/main/AndroidManifest.xml:24:13-26:66
75                android:name="io.flutter.embedding.android.SplashScreenDrawable"
75-->src/main/AndroidManifest.xml:25:17-81
76                android:resource="@drawable/launch_background" />
76-->src/main/AndroidManifest.xml:26:17-63
77            <meta-data
77-->src/main/AndroidManifest.xml:27:17-29:61
78                android:name="com.google.firebase.messaging.default_notification_icon"
78-->src/main/AndroidManifest.xml:28:19-89
79                android:resource="@drawable/ic_launcher" />
79-->src/main/AndroidManifest.xml:29:18-58
80              />
81            <intent-filter>
81-->src/main/AndroidManifest.xml:31:13-34:29
82                <action android:name="android.intent.action.MAIN" />
82-->src/main/AndroidManifest.xml:32:17-68
82-->src/main/AndroidManifest.xml:32:25-66
83
84                <category android:name="android.intent.category.LAUNCHER" />
84-->src/main/AndroidManifest.xml:33:17-76
84-->src/main/AndroidManifest.xml:33:27-74
85            </intent-filter>
86            <intent-filter>
86-->src/main/AndroidManifest.xml:35:13-38:29
87                <action android:name="FLUTTER_NOTIFICATION_CLICK" />
87-->src/main/AndroidManifest.xml:36:17-68
87-->src/main/AndroidManifest.xml:36:25-66
88
89                <category android:name="android.intent.category.DEFAULT" />
89-->src/main/AndroidManifest.xml:37:17-75
89-->src/main/AndroidManifest.xml:37:27-73
90            </intent-filter>
91        </activity>
92
93        <meta-data
93-->src/main/AndroidManifest.xml:40:9-41:70
94            android:name="com.google.android.geo.API_KEY"
94-->src/main/AndroidManifest.xml:40:20-65
95            android:value="AIzaSyDDs2dRc5fGYwvyf6OkXQHSyqEgzWeHbrQ" />
95-->src/main/AndroidManifest.xml:41:13-68
96
97        <!--
98             Don't delete the meta-data below.
99             This is used by the Flutter tool to generate GeneratedPluginRegistrant.java
100        -->
101        <meta-data
101-->src/main/AndroidManifest.xml:45:9-47:55
102            android:name="vn.hunghd.flutterdownloader.NOTIFICATION_ICON"
102-->src/main/AndroidManifest.xml:46:13-73
103            android:resource="@drawable/ic_launcher" />
103-->src/main/AndroidManifest.xml:47:13-53
104        <meta-data
104-->src/main/AndroidManifest.xml:27:17-29:61
105            android:name="com.google.firebase.messaging.default_notification_icon"
105-->src/main/AndroidManifest.xml:28:19-89
106            android:resource="@drawable/ic_launcher" />
106-->src/main/AndroidManifest.xml:29:18-58
107        <meta-data
107-->src/main/AndroidManifest.xml:51:9-53:33
108            android:name="flutterEmbedding"
108-->src/main/AndroidManifest.xml:52:13-44
109            android:value="2" />
109-->src/main/AndroidManifest.xml:53:13-30
110
111        <service
111-->[:firebase_auth] AndroidManifest.xml:10:9-14:19
112            android:name="com.google.firebase.components.ComponentDiscoveryService"
112-->[:firebase_auth] AndroidManifest.xml:10:18-89
113            android:directBootAware="true"
113-->[com.google.firebase:firebase-common:20.2.0] AndroidManifest.xml:34:13-43
114            android:exported="false" >
114-->[com.google.firebase:firebase-analytics-ktx:21.2.0] AndroidManifest.xml:10:13-37
115            <meta-data
115-->[:firebase_auth] AndroidManifest.xml:11:13-13:85
116                android:name="com.google.firebase.components:io.flutter.plugins.firebase.auth.FlutterFirebaseAuthRegistrar"
116-->[:firebase_auth] AndroidManifest.xml:12:17-124
117                android:value="com.google.firebase.components.ComponentRegistrar" />
117-->[:firebase_auth] AndroidManifest.xml:13:17-82
118            <meta-data
118-->[:firebase_messaging] AndroidManifest.xml:38:13-40:85
119                android:name="com.google.firebase.components:io.flutter.plugins.firebase.messaging.FlutterFirebaseAppRegistrar"
119-->[:firebase_messaging] AndroidManifest.xml:39:17-128
120                android:value="com.google.firebase.components.ComponentRegistrar" />
120-->[:firebase_messaging] AndroidManifest.xml:40:17-82
121            <meta-data
121-->[:firebase_core] AndroidManifest.xml:11:13-13:85
122                android:name="com.google.firebase.components:io.flutter.plugins.firebase.core.FlutterFirebaseCoreRegistrar"
122-->[:firebase_core] AndroidManifest.xml:12:17-124
123                android:value="com.google.firebase.components.ComponentRegistrar" />
123-->[:firebase_core] AndroidManifest.xml:13:17-82
124            <meta-data
124-->[com.google.firebase:firebase-analytics-ktx:21.2.0] AndroidManifest.xml:11:13-13:85
125                android:name="com.google.firebase.components:com.google.firebase.analytics.ktx.FirebaseAnalyticsKtxRegistrar"
125-->[com.google.firebase:firebase-analytics-ktx:21.2.0] AndroidManifest.xml:12:17-126
126                android:value="com.google.firebase.components.ComponentRegistrar" />
126-->[com.google.firebase:firebase-analytics-ktx:21.2.0] AndroidManifest.xml:13:17-82
127            <meta-data
127-->[com.google.firebase:firebase-common-ktx:20.2.0] AndroidManifest.xml:14:13-16:85
128                android:name="com.google.firebase.components:com.google.firebase.ktx.FirebaseCommonKtxRegistrar"
128-->[com.google.firebase:firebase-common-ktx:20.2.0] AndroidManifest.xml:15:17-113
129                android:value="com.google.firebase.components.ComponentRegistrar" />
129-->[com.google.firebase:firebase-common-ktx:20.2.0] AndroidManifest.xml:16:17-82
130            <meta-data
130-->[com.google.firebase:firebase-auth:21.1.0] AndroidManifest.xml:67:13-69:85
131                android:name="com.google.firebase.components:com.google.firebase.auth.FirebaseAuthRegistrar"
131-->[com.google.firebase:firebase-auth:21.1.0] AndroidManifest.xml:68:17-109
132                android:value="com.google.firebase.components.ComponentRegistrar" />
132-->[com.google.firebase:firebase-auth:21.1.0] AndroidManifest.xml:69:17-82
133            <meta-data
133-->[com.google.firebase:firebase-messaging:23.1.0] AndroidManifest.xml:55:13-57:85
134                android:name="com.google.firebase.components:com.google.firebase.messaging.FirebaseMessagingRegistrar"
134-->[com.google.firebase:firebase-messaging:23.1.0] AndroidManifest.xml:56:17-119
135                android:value="com.google.firebase.components.ComponentRegistrar" />
135-->[com.google.firebase:firebase-messaging:23.1.0] AndroidManifest.xml:57:17-82
136            <meta-data
136-->[com.google.android.gms:play-services-measurement-api:21.2.0] AndroidManifest.xml:31:13-33:85
137                android:name="com.google.firebase.components:com.google.firebase.analytics.connector.internal.AnalyticsConnectorRegistrar"
137-->[com.google.android.gms:play-services-measurement-api:21.2.0] AndroidManifest.xml:32:17-139
138                android:value="com.google.firebase.components.ComponentRegistrar" />
138-->[com.google.android.gms:play-services-measurement-api:21.2.0] AndroidManifest.xml:33:17-82
139            <meta-data
139-->[com.google.firebase:firebase-datatransport:18.1.7] AndroidManifest.xml:27:13-29:85
140                android:name="com.google.firebase.components:com.google.firebase.datatransport.TransportRegistrar"
140-->[com.google.firebase:firebase-datatransport:18.1.7] AndroidManifest.xml:28:17-115
141                android:value="com.google.firebase.components.ComponentRegistrar" />
141-->[com.google.firebase:firebase-datatransport:18.1.7] AndroidManifest.xml:29:17-82
142            <meta-data
142-->[com.google.firebase:firebase-iid:21.1.0] AndroidManifest.xml:32:13-34:85
143                android:name="com.google.firebase.components:com.google.firebase.iid.Registrar"
143-->[com.google.firebase:firebase-iid:21.1.0] AndroidManifest.xml:33:17-96
144                android:value="com.google.firebase.components.ComponentRegistrar" />
144-->[com.google.firebase:firebase-iid:21.1.0] AndroidManifest.xml:34:17-82
145            <meta-data
145-->[com.google.firebase:firebase-installations:17.1.0] AndroidManifest.xml:17:13-19:85
146                android:name="com.google.firebase.components:com.google.firebase.installations.FirebaseInstallationsRegistrar"
146-->[com.google.firebase:firebase-installations:17.1.0] AndroidManifest.xml:18:17-127
147                android:value="com.google.firebase.components.ComponentRegistrar" />
147-->[com.google.firebase:firebase-installations:17.1.0] AndroidManifest.xml:19:17-82
148        </service>
149        <service
149-->[:firebase_messaging] AndroidManifest.xml:16:9-19:72
150            android:name="io.flutter.plugins.firebase.messaging.FlutterFirebaseMessagingBackgroundService"
150-->[:firebase_messaging] AndroidManifest.xml:17:13-107
151            android:exported="false"
151-->[:firebase_messaging] AndroidManifest.xml:18:13-37
152            android:permission="android.permission.BIND_JOB_SERVICE" />
152-->[:firebase_messaging] AndroidManifest.xml:19:13-69
153        <service
153-->[:firebase_messaging] AndroidManifest.xml:20:9-26:19
154            android:name="io.flutter.plugins.firebase.messaging.FlutterFirebaseMessagingService"
154-->[:firebase_messaging] AndroidManifest.xml:21:13-97
155            android:exported="false" >
155-->[:firebase_messaging] AndroidManifest.xml:22:13-37
156            <intent-filter>
156-->[:firebase_messaging] AndroidManifest.xml:23:13-25:29
157                <action android:name="com.google.firebase.MESSAGING_EVENT" />
157-->[:firebase_messaging] AndroidManifest.xml:24:17-78
157-->[:firebase_messaging] AndroidManifest.xml:24:25-75
158            </intent-filter>
159        </service>
160
161        <receiver
161-->[:firebase_messaging] AndroidManifest.xml:28:9-35:20
162            android:name="io.flutter.plugins.firebase.messaging.FlutterFirebaseMessagingReceiver"
162-->[:firebase_messaging] AndroidManifest.xml:29:13-98
163            android:exported="true"
163-->[:firebase_messaging] AndroidManifest.xml:30:13-36
164            android:permission="com.google.android.c2dm.permission.SEND" >
164-->[:firebase_messaging] AndroidManifest.xml:31:13-73
165            <intent-filter>
165-->[:firebase_messaging] AndroidManifest.xml:32:13-34:29
166                <action android:name="com.google.android.c2dm.intent.RECEIVE" />
166-->[:firebase_messaging] AndroidManifest.xml:33:17-81
166-->[:firebase_messaging] AndroidManifest.xml:33:25-78
167            </intent-filter>
168        </receiver>
169
170        <provider
170-->[:firebase_messaging] AndroidManifest.xml:43:9-47:38
171            android:name="io.flutter.plugins.firebase.messaging.FlutterFirebaseMessagingInitProvider"
171-->[:firebase_messaging] AndroidManifest.xml:44:13-102
172            android:authorities="com.retailshopping.ojarh.seller.flutterfirebasemessaginginitprovider"
172-->[:firebase_messaging] AndroidManifest.xml:45:13-88
173            android:exported="false"
173-->[:firebase_messaging] AndroidManifest.xml:46:13-37
174            android:initOrder="99" />
174-->[:firebase_messaging] AndroidManifest.xml:47:13-35
175
176        <service
176-->[:geolocator_android] AndroidManifest.xml:12:9-16:56
177            android:name="com.baseflow.geolocator.GeolocatorLocationService"
177-->[:geolocator_android] AndroidManifest.xml:13:13-77
178            android:enabled="true"
178-->[:geolocator_android] AndroidManifest.xml:14:13-35
179            android:exported="false"
179-->[:geolocator_android] AndroidManifest.xml:15:13-37
180            android:foregroundServiceType="location" />
180-->[:geolocator_android] AndroidManifest.xml:16:13-53
181
182        <provider
182-->[:image_picker_android] AndroidManifest.xml:10:9-18:20
183            android:name="io.flutter.plugins.imagepicker.ImagePickerFileProvider"
183-->[:image_picker_android] AndroidManifest.xml:11:13-82
184            android:authorities="com.retailshopping.ojarh.seller.flutter.image_provider"
184-->[:image_picker_android] AndroidManifest.xml:12:13-74
185            android:exported="false"
185-->[:image_picker_android] AndroidManifest.xml:13:13-37
186            android:grantUriPermissions="true" >
186-->[:image_picker_android] AndroidManifest.xml:14:13-47
187            <meta-data
187-->[:image_picker_android] AndroidManifest.xml:15:13-17:75
188                android:name="android.support.FILE_PROVIDER_PATHS"
188-->[:image_picker_android] AndroidManifest.xml:16:17-67
189                android:resource="@xml/flutter_image_picker_file_paths" />
189-->[:image_picker_android] AndroidManifest.xml:17:17-72
190        </provider>
191
192        <receiver
192-->[:flutter_local_notifications] AndroidManifest.xml:16:9-18:40
193            android:name="com.dexterous.flutterlocalnotifications.ActionBroadcastReceiver"
193-->[:flutter_local_notifications] AndroidManifest.xml:17:13-91
194            android:exported="false" />
194-->[:flutter_local_notifications] AndroidManifest.xml:18:13-37
195        <receiver
195-->[:flutter_local_notifications] AndroidManifest.xml:19:9-21:40
196            android:name="com.dexterous.flutterlocalnotifications.ScheduledNotificationReceiver"
196-->[:flutter_local_notifications] AndroidManifest.xml:20:13-97
197            android:exported="false" />
197-->[:flutter_local_notifications] AndroidManifest.xml:21:13-37
198        <receiver
198-->[:flutter_local_notifications] AndroidManifest.xml:22:9-31:20
199            android:name="com.dexterous.flutterlocalnotifications.ScheduledNotificationBootReceiver"
199-->[:flutter_local_notifications] AndroidManifest.xml:23:13-101
200            android:exported="false" >
200-->[:flutter_local_notifications] AndroidManifest.xml:24:13-37
201            <intent-filter>
201-->[:flutter_local_notifications] AndroidManifest.xml:25:13-30:29
202                <action android:name="android.intent.action.BOOT_COMPLETED" />
202-->[:flutter_local_notifications] AndroidManifest.xml:26:17-79
202-->[:flutter_local_notifications] AndroidManifest.xml:26:25-76
203                <action android:name="android.intent.action.MY_PACKAGE_REPLACED" />
203-->[:flutter_local_notifications] AndroidManifest.xml:27:17-84
203-->[:flutter_local_notifications] AndroidManifest.xml:27:25-81
204                <action android:name="android.intent.action.QUICKBOOT_POWERON" />
204-->[:flutter_local_notifications] AndroidManifest.xml:28:17-82
204-->[:flutter_local_notifications] AndroidManifest.xml:28:25-79
205                <action android:name="com.htc.intent.action.QUICKBOOT_POWERON" />
205-->[:flutter_local_notifications] AndroidManifest.xml:29:17-82
205-->[:flutter_local_notifications] AndroidManifest.xml:29:25-79
206            </intent-filter>
207        </receiver>
208
209        <activity
209-->[:url_launcher_android] AndroidManifest.xml:10:9-13:74
210            android:name="io.flutter.plugins.urllauncher.WebViewActivity"
210-->[:url_launcher_android] AndroidManifest.xml:11:13-74
211            android:exported="false"
211-->[:url_launcher_android] AndroidManifest.xml:12:13-37
212            android:theme="@android:style/Theme.NoTitleBar.Fullscreen" />
212-->[:url_launcher_android] AndroidManifest.xml:13:13-71
213        <activity
213-->[:flutter_inappwebview] AndroidManifest.xml:16:9-20:47
214            android:name="com.pichillilorenzo.flutter_inappwebview.in_app_browser.InAppBrowserActivity"
214-->[:flutter_inappwebview] AndroidManifest.xml:17:13-104
215            android:configChanges="orientation|keyboardHidden|keyboard|screenSize|locale|layoutDirection|fontScale|screenLayout|density"
215-->[:flutter_inappwebview] AndroidManifest.xml:18:13-137
216            android:exported="false"
216-->[:flutter_inappwebview] AndroidManifest.xml:19:13-37
217            android:theme="@style/AppTheme" />
217-->[:flutter_inappwebview] AndroidManifest.xml:20:13-44
218        <activity
218-->[:flutter_inappwebview] AndroidManifest.xml:21:9-24:55
219            android:name="com.pichillilorenzo.flutter_inappwebview.chrome_custom_tabs.ChromeCustomTabsActivity"
219-->[:flutter_inappwebview] AndroidManifest.xml:22:13-112
220            android:exported="false"
220-->[:flutter_inappwebview] AndroidManifest.xml:23:13-37
221            android:theme="@style/ThemeTransparent" />
221-->[:flutter_inappwebview] AndroidManifest.xml:24:13-52
222        <activity
222-->[:flutter_inappwebview] AndroidManifest.xml:25:9-28:55
223            android:name="com.pichillilorenzo.flutter_inappwebview.chrome_custom_tabs.TrustedWebActivity"
223-->[:flutter_inappwebview] AndroidManifest.xml:26:13-106
224            android:exported="false"
224-->[:flutter_inappwebview] AndroidManifest.xml:27:13-37
225            android:theme="@style/ThemeTransparent" />
225-->[:flutter_inappwebview] AndroidManifest.xml:28:13-52
226        <activity
226-->[:flutter_inappwebview] AndroidManifest.xml:29:9-33:55
227            android:name="com.pichillilorenzo.flutter_inappwebview.chrome_custom_tabs.ChromeCustomTabsActivitySingleInstance"
227-->[:flutter_inappwebview] AndroidManifest.xml:30:13-126
228            android:exported="false"
228-->[:flutter_inappwebview] AndroidManifest.xml:31:13-37
229            android:launchMode="singleInstance"
229-->[:flutter_inappwebview] AndroidManifest.xml:32:13-48
230            android:theme="@style/ThemeTransparent" />
230-->[:flutter_inappwebview] AndroidManifest.xml:33:13-52
231        <activity
231-->[:flutter_inappwebview] AndroidManifest.xml:34:9-38:55
232            android:name="com.pichillilorenzo.flutter_inappwebview.chrome_custom_tabs.TrustedWebActivitySingleInstance"
232-->[:flutter_inappwebview] AndroidManifest.xml:35:13-120
233            android:exported="false"
233-->[:flutter_inappwebview] AndroidManifest.xml:36:13-37
234            android:launchMode="singleInstance"
234-->[:flutter_inappwebview] AndroidManifest.xml:37:13-48
235            android:theme="@style/ThemeTransparent" />
235-->[:flutter_inappwebview] AndroidManifest.xml:38:13-52
236
237        <receiver
237-->[:flutter_inappwebview] AndroidManifest.xml:40:9-43:40
238            android:name="com.pichillilorenzo.flutter_inappwebview.chrome_custom_tabs.ActionBroadcastReceiver"
238-->[:flutter_inappwebview] AndroidManifest.xml:41:13-111
239            android:enabled="true"
239-->[:flutter_inappwebview] AndroidManifest.xml:42:13-35
240            android:exported="false" />
240-->[:flutter_inappwebview] AndroidManifest.xml:43:13-37
241
242        <meta-data
242-->[:flutter_inappwebview] AndroidManifest.xml:45:9-47:36
243            android:name="io.flutter.embedded_views_preview"
243-->[:flutter_inappwebview] AndroidManifest.xml:46:13-61
244            android:value="true" />
244-->[:flutter_inappwebview] AndroidManifest.xml:47:13-33
245
246        <uses-library
246-->[androidx.window:window:1.0.0-beta04] AndroidManifest.xml:25:9-27:40
247            android:name="androidx.window.extensions"
247-->[androidx.window:window:1.0.0-beta04] AndroidManifest.xml:26:13-54
248            android:required="false" />
248-->[androidx.window:window:1.0.0-beta04] AndroidManifest.xml:27:13-37
249        <uses-library
249-->[androidx.window:window:1.0.0-beta04] AndroidManifest.xml:28:9-30:40
250            android:name="androidx.window.sidecar"
250-->[androidx.window:window:1.0.0-beta04] AndroidManifest.xml:29:13-51
251            android:required="false" />
251-->[androidx.window:window:1.0.0-beta04] AndroidManifest.xml:30:13-37
252
253        <activity
253-->[com.google.android.gms:play-services-auth:19.2.0] AndroidManifest.xml:23:9-27:75
254            android:name="com.google.android.gms.auth.api.signin.internal.SignInHubActivity"
254-->[com.google.android.gms:play-services-auth:19.2.0] AndroidManifest.xml:24:13-93
255            android:excludeFromRecents="true"
255-->[com.google.android.gms:play-services-auth:19.2.0] AndroidManifest.xml:25:13-46
256            android:exported="false"
256-->[com.google.android.gms:play-services-auth:19.2.0] AndroidManifest.xml:26:13-37
257            android:theme="@android:style/Theme.Translucent.NoTitleBar" />
257-->[com.google.android.gms:play-services-auth:19.2.0] AndroidManifest.xml:27:13-72
258        <!--
259            Service handling Google Sign-In user revocation. For apps that do not integrate with
260            Google Sign-In, this service will never be started.
261        -->
262        <service
262-->[com.google.android.gms:play-services-auth:19.2.0] AndroidManifest.xml:33:9-37:51
263            android:name="com.google.android.gms.auth.api.signin.RevocationBoundService"
263-->[com.google.android.gms:play-services-auth:19.2.0] AndroidManifest.xml:34:13-89
264            android:exported="true"
264-->[com.google.android.gms:play-services-auth:19.2.0] AndroidManifest.xml:35:13-36
265            android:permission="com.google.android.gms.auth.api.signin.permission.REVOCATION_NOTIFICATION"
265-->[com.google.android.gms:play-services-auth:19.2.0] AndroidManifest.xml:36:13-107
266            android:visibleToInstantApps="true" /> <!-- Needs to be explicitly declared on P+ -->
266-->[com.google.android.gms:play-services-auth:19.2.0] AndroidManifest.xml:37:13-48
267        <uses-library
267-->[com.google.android.gms:play-services-maps:18.1.0] AndroidManifest.xml:39:9-41:40
268            android:name="org.apache.http.legacy"
268-->[com.google.android.gms:play-services-maps:18.1.0] AndroidManifest.xml:40:13-50
269            android:required="false" />
269-->[com.google.android.gms:play-services-maps:18.1.0] AndroidManifest.xml:41:13-37
270
271        <activity
271-->[com.google.firebase:firebase-auth:21.1.0] AndroidManifest.xml:27:9-44:20
272            android:name="com.google.firebase.auth.internal.GenericIdpActivity"
272-->[com.google.firebase:firebase-auth:21.1.0] AndroidManifest.xml:28:13-80
273            android:excludeFromRecents="true"
273-->[com.google.firebase:firebase-auth:21.1.0] AndroidManifest.xml:29:13-46
274            android:exported="true"
274-->[com.google.firebase:firebase-auth:21.1.0] AndroidManifest.xml:30:13-36
275            android:launchMode="singleTask"
275-->[com.google.firebase:firebase-auth:21.1.0] AndroidManifest.xml:31:13-44
276            android:theme="@android:style/Theme.Translucent.NoTitleBar" >
276-->[com.google.firebase:firebase-auth:21.1.0] AndroidManifest.xml:32:13-72